<?xml version="1.0" encoding="UTF-8"?>
<testsuites name="Demo123" time="20" tests="2" failures="0" errors="0">
   <testsuite name="Demo123" tests="2" failures="0" errors="0" time="20" timestamp="2018-11-08 16:23:18" hostname="achaves - 192.168.1.3" id="Test Suites/Demo123">
      <properties>
         <property name="deviceName" value=""/>
         <property name="devicePlatform" value=""/>
         <property name="logFolder" value="/Users/achaves/Katalon Studio/GorillaDemo/Reports/Demo123/20181108_162317"/>
         <property name="logFiles" value="/Users/achaves/Katalon Studio/GorillaDemo/Reports/Demo123/20181108_162317/execution0.log"/>
         <property name="attachments" value="/Users/achaves/Katalon Studio/GorillaDemo/Reports/Demo123/20181108_162317/1541715808119.png, /Users/achaves/Katalon Studio/GorillaDemo/Reports/Demo123/20181108_162317/1541715808499.png, /Users/achaves/Katalon Studio/GorillaDemo/Reports/Demo123/20181108_162317/1541715817316.png, /Users/achaves/Katalon Studio/GorillaDemo/Reports/Demo123/20181108_162317/1541715817674.png"/>
         <property name="hostName" value="achaves - 192.168.1.3"/>
         <property name="os" value="Mac OS X 64bit"/>
         <property name="katalonVersion" value="5.8.6.1"/>
         <property name="browser" value="Firefox 63.0"/>
         <property name="hostAddress" value="192.168.1.3"/>
         <property name="sessionId" value="5a8de255-4def-994f-91fa-d4c12836bd6b"/>
         <property name="seleniumVersion" value="3.7.1"/>
         <property name="proxyInformation" value="ProxyInformation{proxyOption=NO_PROXY, proxyServerType=HTTP, password=, proxyServerAddress=, proxyServerPort=0}"/>
         <property name="platform" value="Mac OS X"/>
      </properties>
      <testcase name="Test Cases/Test_002_AddUserDemo" classname="Test Cases/Test_002_AddUserDemo" status="PASSED">
         <system-out><![CDATA[2018-11-08 16:23:19 - [TEST_CASE][PASSED] - Test Cases/Test_002_AddUserDemo: Test Cases/Test_002_AddUserDemo

2018-11-08 16:23:19 - [TEST_STEP][PASSED] - openBrowser: Browser is opened with url: ''

2018-11-08 16:23:22 - [MESSAGE][PASSED] - Browser is opened with url: ''

2018-11-08 16:23:22 - [TEST_STEP][PASSED] - navigateToUrl: Navigate to 'https://testingcr-demo.glitch.me/login' successfully

2018-11-08 16:23:23 - [MESSAGE][PASSED] - Navigate to 'https://testingcr-demo.glitch.me/login' successfully

2018-11-08 16:23:23 - [TEST_STEP][PASSED] - click: Object: 'Object Repository/Page_TestingCR Login Demo/a_Registrarse' is clicked on

2018-11-08 16:23:27 - [MESSAGE][PASSED] - Object: 'Object Repository/Page_TestingCR Login Demo/a_Registrarse' is clicked on

2018-11-08 16:23:27 - [TEST_STEP][PASSED] - setText: Text 'Alex' is set on object 'Object Repository/Page_TestingCR Login Demo/input_First Name_firstName'

2018-11-08 16:23:27 - [MESSAGE][PASSED] - Text 'Alex' is set on object 'Object Repository/Page_TestingCR Login Demo/input_First Name_firstName'

2018-11-08 16:23:27 - [TEST_STEP][PASSED] - setText: Text 'Mendez' is set on object 'Object Repository/Page_TestingCR Login Demo/input_Last Name_lastName'

2018-11-08 16:23:27 - [MESSAGE][PASSED] - Text 'Mendez' is set on object 'Object Repository/Page_TestingCR Login Demo/input_Last Name_lastName'

2018-11-08 16:23:27 - [TEST_STEP][PASSED] - setText: Text 'amendez' is set on object 'Object Repository/Page_TestingCR Login Demo/input_Username_username'

2018-11-08 16:23:28 - [MESSAGE][PASSED] - Text 'amendez' is set on object 'Object Repository/Page_TestingCR Login Demo/input_Username_username'

2018-11-08 16:23:28 - [TEST_STEP][PASSED] - setText: Text '1234' is set on object 'Object Repository/Page_TestingCR Login Demo/input_Password_password'

2018-11-08 16:23:28 - [MESSAGE][PASSED] - Text '1234' is set on object 'Object Repository/Page_TestingCR Login Demo/input_Password_password'

2018-11-08 16:23:28 - [TEST_STEP][PASSED] - takeScreenshot: Taking screenshot successfully

2018-11-08 16:23:28 - [MESSAGE][PASSED] - Taking screenshot successfully
[[ATTACHMENT|/Users/achaves/Katalon Studio/GorillaDemo/Reports/Demo123/20181108_162317/1541715808119.png]]

2018-11-08 16:23:28 - [TEST_STEP][PASSED] - click: Object: 'Object Repository/Page_TestingCR Login Demo/button_Registrarse' is clicked on

2018-11-08 16:23:28 - [MESSAGE][PASSED] - Object: 'Object Repository/Page_TestingCR Login Demo/button_Registrarse' is clicked on

2018-11-08 16:23:28 - [TEST_STEP][PASSED] - takeScreenshot: Taking screenshot successfully

2018-11-08 16:23:28 - [MESSAGE][PASSED] - Taking screenshot successfully
[[ATTACHMENT|/Users/achaves/Katalon Studio/GorillaDemo/Reports/Demo123/20181108_162317/1541715808499.png]]

2018-11-08 16:23:28 - [TEST_STEP][PASSED] - verifyElementPresent: Object 'Object Repository/Page_TestingCR Login Demo/div_Registration successful' is present

2018-11-08 16:23:28 - [MESSAGE][WARNING] - Timeout '0' is invalid. Using default page load timeout: '30'

2018-11-08 16:23:29 - [MESSAGE][PASSED] - Object 'Object Repository/Page_TestingCR Login Demo/div_Registration successful' is present

2018-11-08 16:23:29 - [TEST_STEP][PASSED] - closeBrowser: Browser is closed

2018-11-08 16:23:29 - [MESSAGE][PASSED] - Browser is closed]]></system-out>
         <system-err><![CDATA[]]></system-err>
      </testcase>
      <testcase name="Test Cases/Test_002_AddUserDemo" classname="Test Cases/Test_002_AddUserDemo" status="PASSED">
         <system-out><![CDATA[2018-11-08 16:23:29 - [TEST_CASE][PASSED] - Test Cases/Test_002_AddUserDemo: Test Cases/Test_002_AddUserDemo

2018-11-08 16:23:29 - [TEST_STEP][PASSED] - openBrowser: Browser is opened with url: ''

2018-11-08 16:23:31 - [MESSAGE][PASSED] - Browser is opened with url: ''

2018-11-08 16:23:31 - [TEST_STEP][PASSED] - navigateToUrl: Navigate to 'https://testingcr-demo.glitch.me/login' successfully

2018-11-08 16:23:33 - [MESSAGE][PASSED] - Navigate to 'https://testingcr-demo.glitch.me/login' successfully

2018-11-08 16:23:33 - [TEST_STEP][PASSED] - click: Object: 'Object Repository/Page_TestingCR Login Demo/a_Registrarse' is clicked on

2018-11-08 16:23:37 - [MESSAGE][PASSED] - Object: 'Object Repository/Page_TestingCR Login Demo/a_Registrarse' is clicked on

2018-11-08 16:23:37 - [TEST_STEP][PASSED] - setText: Text 'Diego' is set on object 'Object Repository/Page_TestingCR Login Demo/input_First Name_firstName'

2018-11-08 16:23:37 - [MESSAGE][PASSED] - Text 'Diego' is set on object 'Object Repository/Page_TestingCR Login Demo/input_First Name_firstName'

2018-11-08 16:23:37 - [TEST_STEP][PASSED] - setText: Text 'Perez' is set on object 'Object Repository/Page_TestingCR Login Demo/input_Last Name_lastName'

2018-11-08 16:23:37 - [MESSAGE][PASSED] - Text 'Perez' is set on object 'Object Repository/Page_TestingCR Login Demo/input_Last Name_lastName'

2018-11-08 16:23:37 - [TEST_STEP][PASSED] - setText: Text 'dperez' is set on object 'Object Repository/Page_TestingCR Login Demo/input_Username_username'

2018-11-08 16:23:37 - [MESSAGE][PASSED] - Text 'dperez' is set on object 'Object Repository/Page_TestingCR Login Demo/input_Username_username'

2018-11-08 16:23:37 - [TEST_STEP][PASSED] - setText: Text '1234' is set on object 'Object Repository/Page_TestingCR Login Demo/input_Password_password'

2018-11-08 16:23:37 - [MESSAGE][PASSED] - Text '1234' is set on object 'Object Repository/Page_TestingCR Login Demo/input_Password_password'

2018-11-08 16:23:37 - [TEST_STEP][PASSED] - takeScreenshot: Taking screenshot successfully

2018-11-08 16:23:37 - [MESSAGE][PASSED] - Taking screenshot successfully
[[ATTACHMENT|/Users/achaves/Katalon Studio/GorillaDemo/Reports/Demo123/20181108_162317/1541715817316.png]]

2018-11-08 16:23:37 - [TEST_STEP][PASSED] - click: Object: 'Object Repository/Page_TestingCR Login Demo/button_Registrarse' is clicked on

2018-11-08 16:23:37 - [MESSAGE][PASSED] - Object: 'Object Repository/Page_TestingCR Login Demo/button_Registrarse' is clicked on

2018-11-08 16:23:37 - [TEST_STEP][PASSED] - takeScreenshot: Taking screenshot successfully

2018-11-08 16:23:37 - [MESSAGE][PASSED] - Taking screenshot successfully
[[ATTACHMENT|/Users/achaves/Katalon Studio/GorillaDemo/Reports/Demo123/20181108_162317/1541715817674.png]]

2018-11-08 16:23:37 - [TEST_STEP][PASSED] - verifyElementPresent: Object 'Object Repository/Page_TestingCR Login Demo/div_Registration successful' is present

2018-11-08 16:23:37 - [MESSAGE][WARNING] - Timeout '0' is invalid. Using default page load timeout: '30'

2018-11-08 16:23:38 - [MESSAGE][PASSED] - Object 'Object Repository/Page_TestingCR Login Demo/div_Registration successful' is present

2018-11-08 16:23:38 - [TEST_STEP][PASSED] - closeBrowser: Browser is closed

2018-11-08 16:23:38 - [MESSAGE][PASSED] - Browser is closed]]></system-out>
         <system-err><![CDATA[]]></system-err>
      </testcase>
      <system-out><![CDATA[2018-11-08 16:23:18 - [TEST_SUITE][PASSED] - Demo123: Test Cases/Test_002_AddUserDemo]]></system-out>
      <system-err><![CDATA[]]></system-err>
   </testsuite>
</testsuites>
