<?xml version="1.0" encoding="UTF-8"?>
<testsuites name="Demo" time="18" tests="2" failures="0" errors="0">
   <testsuite name="Demo" tests="2" failures="0" errors="0" time="18" timestamp="2018-11-07 17:59:36" hostname="achaves - 192.168.1.3" id="Test Suites/Demo">
      <properties>
         <property name="deviceName" value=""/>
         <property name="devicePlatform" value=""/>
         <property name="logFolder" value="/Users/achaves/Katalon Studio/GorillaDemo/Reports/Demo/20181107_175935"/>
         <property name="logFiles" value="/Users/achaves/Katalon Studio/GorillaDemo/Reports/Demo/20181107_175935/execution0.log"/>
         <property name="attachments" value="/Users/achaves/Katalon Studio/GorillaDemo/Reports/Demo/20181107_175935/1541635184843.png, /Users/achaves/Katalon Studio/GorillaDemo/Reports/Demo/20181107_175935/1541635185727.png, /Users/achaves/Katalon Studio/GorillaDemo/Reports/Demo/20181107_175935/1541635193220.png, /Users/achaves/Katalon Studio/GorillaDemo/Reports/Demo/20181107_175935/1541635194094.png"/>
         <property name="hostName" value="achaves - 192.168.1.3"/>
         <property name="os" value="Mac OS X 64bit"/>
         <property name="katalonVersion" value="5.8.6.1"/>
         <property name="browser" value="Firefox 63.0"/>
         <property name="hostAddress" value="192.168.1.3"/>
         <property name="sessionId" value="8535af78-70be-7b4f-96f7-658ca72213fd"/>
         <property name="seleniumVersion" value="3.7.1"/>
         <property name="proxyInformation" value="ProxyInformation{proxyOption=NO_PROXY, proxyServerType=HTTP, password=, proxyServerAddress=, proxyServerPort=0}"/>
         <property name="platform" value="Mac OS X"/>
      </properties>
      <testcase name="Test Cases/Test_0001_Add_User" classname="Test Cases/Test_0001_Add_User" status="PASSED">
         <system-out><![CDATA[2018-11-07 17:59:36 - [TEST_CASE][PASSED] - Test Cases/Test_0001_Add_User: Test Cases/Test_0001_Add_User

2018-11-07 17:59:36 - [TEST_STEP][PASSED] - openBrowser: Browser is opened with url: ''

2018-11-07 17:59:39 - [MESSAGE][PASSED] - Browser is opened with url: ''

2018-11-07 17:59:39 - [TEST_STEP][PASSED] - navigateToUrl: Navigate to 'https://testingcr-demo.glitch.me/login' successfully

2018-11-07 17:59:41 - [MESSAGE][PASSED] - Navigate to 'https://testingcr-demo.glitch.me/login' successfully

2018-11-07 17:59:41 - [TEST_STEP][PASSED] - click: Object: 'Object Repository/Page_TestingCR Login Demo/a_Registrarse' is clicked on

2018-11-07 17:59:44 - [MESSAGE][PASSED] - Object: 'Object Repository/Page_TestingCR Login Demo/a_Registrarse' is clicked on

2018-11-07 17:59:44 - [TEST_STEP][PASSED] - setText: Text 'Alex' is set on object 'Object Repository/Page_TestingCR Login Demo/input_First Name_firstName'

2018-11-07 17:59:44 - [MESSAGE][PASSED] - Text 'Alex' is set on object 'Object Repository/Page_TestingCR Login Demo/input_First Name_firstName'

2018-11-07 17:59:44 - [TEST_STEP][PASSED] - setText: Text 'Mendez' is set on object 'Object Repository/Page_TestingCR Login Demo/input_Last Name_lastName'

2018-11-07 17:59:44 - [MESSAGE][PASSED] - Text 'Mendez' is set on object 'Object Repository/Page_TestingCR Login Demo/input_Last Name_lastName'

2018-11-07 17:59:44 - [TEST_STEP][PASSED] - setText: Text 'amendez' is set on object 'Object Repository/Page_TestingCR Login Demo/input_Username_username'

2018-11-07 17:59:44 - [MESSAGE][PASSED] - Text 'amendez' is set on object 'Object Repository/Page_TestingCR Login Demo/input_Username_username'

2018-11-07 17:59:44 - [TEST_STEP][PASSED] - setText: Text '1234' is set on object 'Object Repository/Page_TestingCR Login Demo/input_Password_password'

2018-11-07 17:59:44 - [MESSAGE][PASSED] - Text '1234' is set on object 'Object Repository/Page_TestingCR Login Demo/input_Password_password'

2018-11-07 17:59:44 - [TEST_STEP][PASSED] - takeScreenshot: Taking screenshot successfully

2018-11-07 17:59:44 - [MESSAGE][PASSED] - Taking screenshot successfully
[[ATTACHMENT|/Users/achaves/Katalon Studio/GorillaDemo/Reports/Demo/20181107_175935/1541635184843.png]]

2018-11-07 17:59:44 - [TEST_STEP][PASSED] - click: Object: 'Object Repository/Page_TestingCR Login Demo/button_Registrarse' is clicked on

2018-11-07 17:59:45 - [MESSAGE][PASSED] - Object: 'Object Repository/Page_TestingCR Login Demo/button_Registrarse' is clicked on

2018-11-07 17:59:45 - [TEST_STEP][PASSED] - verifyElementPresent: Object 'Object Repository/Page_TestingCR Login Demo/div_Registration successful' is present

2018-11-07 17:59:45 - [MESSAGE][WARNING] - Timeout '0' is invalid. Using default page load timeout: '30'

2018-11-07 17:59:45 - [MESSAGE][PASSED] - Object 'Object Repository/Page_TestingCR Login Demo/div_Registration successful' is present

2018-11-07 17:59:45 - [TEST_STEP][PASSED] - takeScreenshot: Taking screenshot successfully

2018-11-07 17:59:45 - [MESSAGE][PASSED] - Taking screenshot successfully
[[ATTACHMENT|/Users/achaves/Katalon Studio/GorillaDemo/Reports/Demo/20181107_175935/1541635185727.png]]

2018-11-07 17:59:45 - [TEST_STEP][PASSED] - closeBrowser: Browser is closed

2018-11-07 17:59:46 - [MESSAGE][PASSED] - Browser is closed]]></system-out>
         <system-err><![CDATA[]]></system-err>
      </testcase>
      <testcase name="Test Cases/Test_0001_Add_User" classname="Test Cases/Test_0001_Add_User" status="PASSED">
         <system-out><![CDATA[2018-11-07 17:59:46 - [TEST_CASE][PASSED] - Test Cases/Test_0001_Add_User: Test Cases/Test_0001_Add_User

2018-11-07 17:59:46 - [TEST_STEP][PASSED] - openBrowser: Browser is opened with url: ''

2018-11-07 17:59:47 - [MESSAGE][PASSED] - Browser is opened with url: ''

2018-11-07 17:59:47 - [TEST_STEP][PASSED] - navigateToUrl: Navigate to 'https://testingcr-demo.glitch.me/login' successfully

2018-11-07 17:59:49 - [MESSAGE][PASSED] - Navigate to 'https://testingcr-demo.glitch.me/login' successfully

2018-11-07 17:59:49 - [TEST_STEP][PASSED] - click: Object: 'Object Repository/Page_TestingCR Login Demo/a_Registrarse' is clicked on

2018-11-07 17:59:52 - [MESSAGE][PASSED] - Object: 'Object Repository/Page_TestingCR Login Demo/a_Registrarse' is clicked on

2018-11-07 17:59:52 - [TEST_STEP][PASSED] - setText: Text 'Diego' is set on object 'Object Repository/Page_TestingCR Login Demo/input_First Name_firstName'

2018-11-07 17:59:53 - [MESSAGE][PASSED] - Text 'Diego' is set on object 'Object Repository/Page_TestingCR Login Demo/input_First Name_firstName'

2018-11-07 17:59:53 - [TEST_STEP][PASSED] - setText: Text 'Perez' is set on object 'Object Repository/Page_TestingCR Login Demo/input_Last Name_lastName'

2018-11-07 17:59:53 - [MESSAGE][PASSED] - Text 'Perez' is set on object 'Object Repository/Page_TestingCR Login Demo/input_Last Name_lastName'

2018-11-07 17:59:53 - [TEST_STEP][PASSED] - setText: Text 'dperez' is set on object 'Object Repository/Page_TestingCR Login Demo/input_Username_username'

2018-11-07 17:59:53 - [MESSAGE][PASSED] - Text 'dperez' is set on object 'Object Repository/Page_TestingCR Login Demo/input_Username_username'

2018-11-07 17:59:53 - [TEST_STEP][PASSED] - setText: Text '1234' is set on object 'Object Repository/Page_TestingCR Login Demo/input_Password_password'

2018-11-07 17:59:53 - [MESSAGE][PASSED] - Text '1234' is set on object 'Object Repository/Page_TestingCR Login Demo/input_Password_password'

2018-11-07 17:59:53 - [TEST_STEP][PASSED] - takeScreenshot: Taking screenshot successfully

2018-11-07 17:59:53 - [MESSAGE][PASSED] - Taking screenshot successfully
[[ATTACHMENT|/Users/achaves/Katalon Studio/GorillaDemo/Reports/Demo/20181107_175935/1541635193220.png]]

2018-11-07 17:59:53 - [TEST_STEP][PASSED] - click: Object: 'Object Repository/Page_TestingCR Login Demo/button_Registrarse' is clicked on

2018-11-07 17:59:53 - [MESSAGE][PASSED] - Object: 'Object Repository/Page_TestingCR Login Demo/button_Registrarse' is clicked on

2018-11-07 17:59:53 - [TEST_STEP][PASSED] - verifyElementPresent: Object 'Object Repository/Page_TestingCR Login Demo/div_Registration successful' is present

2018-11-07 17:59:53 - [MESSAGE][WARNING] - Timeout '0' is invalid. Using default page load timeout: '30'

2018-11-07 17:59:54 - [MESSAGE][PASSED] - Object 'Object Repository/Page_TestingCR Login Demo/div_Registration successful' is present

2018-11-07 17:59:54 - [TEST_STEP][PASSED] - takeScreenshot: Taking screenshot successfully

2018-11-07 17:59:54 - [MESSAGE][PASSED] - Taking screenshot successfully
[[ATTACHMENT|/Users/achaves/Katalon Studio/GorillaDemo/Reports/Demo/20181107_175935/1541635194094.png]]

2018-11-07 17:59:54 - [TEST_STEP][PASSED] - closeBrowser: Browser is closed

2018-11-07 17:59:54 - [MESSAGE][PASSED] - Browser is closed]]></system-out>
         <system-err><![CDATA[]]></system-err>
      </testcase>
      <system-out><![CDATA[2018-11-07 17:59:36 - [TEST_SUITE][PASSED] - Demo: Test Cases/Test_0001_Add_User]]></system-out>
      <system-err><![CDATA[]]></system-err>
   </testsuite>
</testsuites>
