<?xml version="1.0" encoding="UTF-8"?>
<testsuites name="Demo123" time="17" tests="2" failures="0" errors="0">
   <testsuite name="Demo123" tests="2" failures="0" errors="0" time="17" timestamp="2018-11-08 16:19:41" hostname="achaves - 192.168.1.3" id="Test Suites/Demo123">
      <properties>
         <property name="deviceName" value=""/>
         <property name="devicePlatform" value=""/>
         <property name="logFolder" value="/Users/achaves/Katalon Studio/GorillaDemo/Reports/Demo123/20181108_161939"/>
         <property name="logFiles" value="/Users/achaves/Katalon Studio/GorillaDemo/Reports/Demo123/20181108_161939/execution0.log"/>
         <property name="attachments" value="/Users/achaves/Katalon Studio/GorillaDemo/Reports/Demo123/20181108_161939/1541715589284.png, /Users/achaves/Katalon Studio/GorillaDemo/Reports/Demo123/20181108_161939/1541715589799.png, /Users/achaves/Katalon Studio/GorillaDemo/Reports/Demo123/20181108_161939/1541715597635.png, /Users/achaves/Katalon Studio/GorillaDemo/Reports/Demo123/20181108_161939/1541715598117.png"/>
         <property name="hostName" value="achaves - 192.168.1.3"/>
         <property name="os" value="Mac OS X 64bit"/>
         <property name="katalonVersion" value="5.8.6.1"/>
         <property name="browser" value="Chrome 70.0.3538.77"/>
         <property name="hostAddress" value="192.168.1.3"/>
         <property name="sessionId" value="14075336cbfeb0ce8e564a4be9bb7882"/>
         <property name="seleniumVersion" value="3.7.1"/>
         <property name="proxyInformation" value="ProxyInformation{proxyOption=NO_PROXY, proxyServerType=HTTP, password=, proxyServerAddress=, proxyServerPort=0}"/>
         <property name="platform" value="Mac OS X"/>
      </properties>
      <testcase name="Test Cases/Test_002_AddUserDemo" classname="Test Cases/Test_002_AddUserDemo" status="PASSED">
         <system-out><![CDATA[2018-11-08 16:19:41 - [TEST_CASE][PASSED] - Test Cases/Test_002_AddUserDemo: Test Cases/Test_002_AddUserDemo

2018-11-08 16:19:41 - [TEST_STEP][PASSED] - openBrowser: Browser is opened with url: ''

2018-11-08 16:19:43 - [MESSAGE][PASSED] - Browser is opened with url: ''

2018-11-08 16:19:43 - [TEST_STEP][PASSED] - navigateToUrl: Navigate to 'https://testingcr-demo.glitch.me/login' successfully

2018-11-08 16:19:45 - [MESSAGE][PASSED] - Navigate to 'https://testingcr-demo.glitch.me/login' successfully

2018-11-08 16:19:45 - [TEST_STEP][PASSED] - click: Object: 'Object Repository/Page_TestingCR Login Demo/a_Registrarse' is clicked on

2018-11-08 16:19:48 - [MESSAGE][PASSED] - Object: 'Object Repository/Page_TestingCR Login Demo/a_Registrarse' is clicked on

2018-11-08 16:19:48 - [TEST_STEP][PASSED] - setText: Text 'Alex' is set on object 'Object Repository/Page_TestingCR Login Demo/input_First Name_firstName'

2018-11-08 16:19:48 - [MESSAGE][PASSED] - Text 'Alex' is set on object 'Object Repository/Page_TestingCR Login Demo/input_First Name_firstName'

2018-11-08 16:19:48 - [TEST_STEP][PASSED] - setText: Text 'Mendez' is set on object 'Object Repository/Page_TestingCR Login Demo/input_Last Name_lastName'

2018-11-08 16:19:49 - [MESSAGE][PASSED] - Text 'Mendez' is set on object 'Object Repository/Page_TestingCR Login Demo/input_Last Name_lastName'

2018-11-08 16:19:49 - [TEST_STEP][PASSED] - setText: Text 'amendez' is set on object 'Object Repository/Page_TestingCR Login Demo/input_Username_username'

2018-11-08 16:19:49 - [MESSAGE][PASSED] - Text 'amendez' is set on object 'Object Repository/Page_TestingCR Login Demo/input_Username_username'

2018-11-08 16:19:49 - [TEST_STEP][PASSED] - setText: Text '1234' is set on object 'Object Repository/Page_TestingCR Login Demo/input_Password_password'

2018-11-08 16:19:49 - [MESSAGE][PASSED] - Text '1234' is set on object 'Object Repository/Page_TestingCR Login Demo/input_Password_password'

2018-11-08 16:19:49 - [TEST_STEP][PASSED] - takeScreenshot: Taking screenshot successfully

2018-11-08 16:19:49 - [MESSAGE][PASSED] - Taking screenshot successfully
[[ATTACHMENT|/Users/achaves/Katalon Studio/GorillaDemo/Reports/Demo123/20181108_161939/1541715589284.png]]

2018-11-08 16:19:49 - [TEST_STEP][PASSED] - click: Object: 'Object Repository/Page_TestingCR Login Demo/button_Registrarse' is clicked on

2018-11-08 16:19:49 - [MESSAGE][PASSED] - Object: 'Object Repository/Page_TestingCR Login Demo/button_Registrarse' is clicked on

2018-11-08 16:19:49 - [TEST_STEP][PASSED] - takeScreenshot: Taking screenshot successfully

2018-11-08 16:19:50 - [MESSAGE][PASSED] - Taking screenshot successfully
[[ATTACHMENT|/Users/achaves/Katalon Studio/GorillaDemo/Reports/Demo123/20181108_161939/1541715589799.png]]

2018-11-08 16:19:50 - [TEST_STEP][PASSED] - verifyElementPresent: Object 'Object Repository/Page_TestingCR Login Demo/div_Registration successful' is present

2018-11-08 16:19:50 - [MESSAGE][WARNING] - Timeout '0' is invalid. Using default page load timeout: '30'

2018-11-08 16:19:50 - [MESSAGE][PASSED] - Object 'Object Repository/Page_TestingCR Login Demo/div_Registration successful' is present

2018-11-08 16:19:50 - [TEST_STEP][PASSED] - closeBrowser: Browser is closed

2018-11-08 16:19:50 - [MESSAGE][PASSED] - Browser is closed]]></system-out>
         <system-err><![CDATA[]]></system-err>
      </testcase>
      <testcase name="Test Cases/Test_002_AddUserDemo" classname="Test Cases/Test_002_AddUserDemo" status="PASSED">
         <system-out><![CDATA[2018-11-08 16:19:50 - [TEST_CASE][PASSED] - Test Cases/Test_002_AddUserDemo: Test Cases/Test_002_AddUserDemo

2018-11-08 16:19:50 - [TEST_STEP][PASSED] - openBrowser: Browser is opened with url: ''

2018-11-08 16:19:51 - [MESSAGE][PASSED] - Browser is opened with url: ''

2018-11-08 16:19:51 - [TEST_STEP][PASSED] - navigateToUrl: Navigate to 'https://testingcr-demo.glitch.me/login' successfully

2018-11-08 16:19:53 - [MESSAGE][PASSED] - Navigate to 'https://testingcr-demo.glitch.me/login' successfully

2018-11-08 16:19:53 - [TEST_STEP][PASSED] - click: Object: 'Object Repository/Page_TestingCR Login Demo/a_Registrarse' is clicked on

2018-11-08 16:19:57 - [MESSAGE][PASSED] - Object: 'Object Repository/Page_TestingCR Login Demo/a_Registrarse' is clicked on

2018-11-08 16:19:57 - [TEST_STEP][PASSED] - setText: Text 'Diego' is set on object 'Object Repository/Page_TestingCR Login Demo/input_First Name_firstName'

2018-11-08 16:19:57 - [MESSAGE][PASSED] - Text 'Diego' is set on object 'Object Repository/Page_TestingCR Login Demo/input_First Name_firstName'

2018-11-08 16:19:57 - [TEST_STEP][PASSED] - setText: Text 'Perez' is set on object 'Object Repository/Page_TestingCR Login Demo/input_Last Name_lastName'

2018-11-08 16:19:57 - [MESSAGE][PASSED] - Text 'Perez' is set on object 'Object Repository/Page_TestingCR Login Demo/input_Last Name_lastName'

2018-11-08 16:19:57 - [TEST_STEP][PASSED] - setText: Text 'dperez' is set on object 'Object Repository/Page_TestingCR Login Demo/input_Username_username'

2018-11-08 16:19:57 - [MESSAGE][PASSED] - Text 'dperez' is set on object 'Object Repository/Page_TestingCR Login Demo/input_Username_username'

2018-11-08 16:19:57 - [TEST_STEP][PASSED] - setText: Text '1234' is set on object 'Object Repository/Page_TestingCR Login Demo/input_Password_password'

2018-11-08 16:19:57 - [MESSAGE][PASSED] - Text '1234' is set on object 'Object Repository/Page_TestingCR Login Demo/input_Password_password'

2018-11-08 16:19:57 - [TEST_STEP][PASSED] - takeScreenshot: Taking screenshot successfully

2018-11-08 16:19:58 - [MESSAGE][PASSED] - Taking screenshot successfully
[[ATTACHMENT|/Users/achaves/Katalon Studio/GorillaDemo/Reports/Demo123/20181108_161939/1541715597635.png]]

2018-11-08 16:19:58 - [TEST_STEP][PASSED] - click: Object: 'Object Repository/Page_TestingCR Login Demo/button_Registrarse' is clicked on

2018-11-08 16:19:58 - [MESSAGE][PASSED] - Object: 'Object Repository/Page_TestingCR Login Demo/button_Registrarse' is clicked on

2018-11-08 16:19:58 - [TEST_STEP][PASSED] - takeScreenshot: Taking screenshot successfully

2018-11-08 16:19:58 - [MESSAGE][PASSED] - Taking screenshot successfully
[[ATTACHMENT|/Users/achaves/Katalon Studio/GorillaDemo/Reports/Demo123/20181108_161939/1541715598117.png]]

2018-11-08 16:19:58 - [TEST_STEP][PASSED] - verifyElementPresent: Object 'Object Repository/Page_TestingCR Login Demo/div_Registration successful' is present

2018-11-08 16:19:58 - [MESSAGE][WARNING] - Timeout '0' is invalid. Using default page load timeout: '30'

2018-11-08 16:19:59 - [MESSAGE][PASSED] - Object 'Object Repository/Page_TestingCR Login Demo/div_Registration successful' is present

2018-11-08 16:19:59 - [TEST_STEP][PASSED] - closeBrowser: Browser is closed

2018-11-08 16:19:59 - [MESSAGE][PASSED] - Browser is closed]]></system-out>
         <system-err><![CDATA[]]></system-err>
      </testcase>
      <system-out><![CDATA[2018-11-08 16:19:41 - [TEST_SUITE][PASSED] - Demo123: Test Cases/Test_002_AddUserDemo]]></system-out>
      <system-err><![CDATA[]]></system-err>
   </testsuite>
</testsuites>
